  main.cpp
e:\sfml\shooting\shooting\main.cpp(73): warning C4244: '=': 'int'에서 'T'(으)로 변환하면서 데이터가 손실될 수 있습니다.
          with
          [
              T=float
          ]
e:\sfml\shooting\shooting\main.cpp(75): warning C4244: '=': 'int'에서 'T'(으)로 변환하면서 데이터가 손실될 수 있습니다.
          with
          [
              T=float
          ]
e:\sfml\shooting\shooting\main.cpp(77): warning C4244: '=': 'int'에서 'T'(으)로 변환하면서 데이터가 손실될 수 있습니다.
          with
          [
              T=float
          ]
e:\sfml\shooting\shooting\main.cpp(79): warning C4244: '=': 'int'에서 'T'(으)로 변환하면서 데이터가 손실될 수 있습니다.
          with
          [
              T=float
          ]
e:\sfml\shooting\shooting\main.cpp(105): warning C4244: '인수': 'int'에서 'float'(으)로 변환하면서 데이터가 손실될 수 있습니다.
e:\sfml\shooting\shooting\main.cpp(123): warning C4244: '인수': 'int'에서 'float'(으)로 변환하면서 데이터가 손실될 수 있습니다.
  SHOOTING.vcxproj -> E:\SFML\SHOOTING\x64\Debug\SHOOTING.exe
